<?xml version="1.0" encoding="UTF-8"?>
<!-- Generated by org.testng.reporters.JUnitXMLReporter -->
<testsuite ignored="0" hostname="TYSS-Tejal-Ravindra-Borase" failures="0" tests="2" name="Default test" time="0.148" errors="0" timestamp="2025-01-22T11:07:11 IST">
  <testcase classname="org.jsp.data_provider.DataProvider_Diff_Class" name="getData" time="0.029"/>
  <testcase classname="org.jsp.data_provider.DataProvider_Diff_Class" name="getData" time="0.011"/>
</testsuite> <!-- Default test -->
