<?xml version="1.0" encoding="UTF-8"?>
<testng-results ignored="0" total="4" passed="4" failed="0" skipped="0">
  <reporter-output>
  </reporter-output>
  <suite started-at="2025-01-29T18:24:57 IST" name="Suite" finished-at="2025-01-29T18:25:17 IST" duration-ms="19935">
    <groups>
    </groups>
    <test started-at="2025-01-29T18:24:57 IST" name="Test" finished-at="2025-01-29T18:25:10 IST" duration-ms="13371">
      <class name="org.jsp.parallel_execution.SubscribeTestCase">
        <test-method signature="subscribe(java.lang.String)[pri:0, instance:org.jsp.parallel_execution.SubscribeTestCase@3d08f3f5]" started-at="2025-01-29T18:24:57 IST" name="subscribe" finished-at="2025-01-29T18:25:06 IST" duration-ms="8489" status="PASS">
          <params>
            <param index="0">
              <value>
                <![CDATA[chrome]]>
              </value>
            </param>
          </params>
          <reporter-output>
          </reporter-output>
        </test-method> <!-- subscribe -->
      </class> <!-- org.jsp.parallel_execution.SubscribeTestCase -->
      <class name="org.jsp.parallel_execution.SearchTestCase">
        <test-method signature="search(java.lang.String)[pri:0, instance:org.jsp.parallel_execution.SearchTestCase@76c7beb3]" started-at="2025-01-29T18:25:06 IST" name="search" finished-at="2025-01-29T18:25:10 IST" duration-ms="4786" status="PASS">
          <params>
            <param index="0">
              <value>
                <![CDATA[chrome]]>
              </value>
            </param>
          </params>
          <reporter-output>
          </reporter-output>
        </test-method> <!-- search -->
      </class> <!-- org.jsp.parallel_execution.SearchTestCase -->
    </test> <!-- Test -->
    <test started-at="2025-01-29T18:24:57 IST" name="Test1" finished-at="2025-01-29T18:25:17 IST" duration-ms="19935">
      <class name="org.jsp.parallel_execution.SubscribeTestCase">
        <test-method signature="subscribe(java.lang.String)[pri:0, instance:org.jsp.parallel_execution.SubscribeTestCase@53499d85]" started-at="2025-01-29T18:25:09 IST" name="subscribe" finished-at="2025-01-29T18:25:17 IST" duration-ms="7808" status="PASS">
          <params>
            <param index="0">
              <value>
                <![CDATA[firefox]]>
              </value>
            </param>
          </params>
          <reporter-output>
          </reporter-output>
        </test-method> <!-- subscribe -->
      </class> <!-- org.jsp.parallel_execution.SubscribeTestCase -->
      <class name="org.jsp.parallel_execution.SearchTestCase">
        <test-method signature="search(java.lang.String)[pri:0, instance:org.jsp.parallel_execution.SearchTestCase@64712be]" started-at="2025-01-29T18:24:57 IST" name="search" finished-at="2025-01-29T18:25:09 IST" duration-ms="12042" status="PASS">
          <params>
            <param index="0">
              <value>
                <![CDATA[firefox]]>
              </value>
            </param>
          </params>
          <reporter-output>
          </reporter-output>
        </test-method> <!-- search -->
      </class> <!-- org.jsp.parallel_execution.SearchTestCase -->
    </test> <!-- Test1 -->
  </suite> <!-- Suite -->
</testng-results>
